0 info it worked if it ends with ok
1 verbose cli [ 'node', '/usr/local/bin/npm', 'publish' ]
2 info using npm@2.14.4
3 info using node@v0.12.7
4 verbose node symlink /usr/local/bin/node
5 verbose publish [ '.' ]
6 silly cache add args [ '.', null ]
7 verbose cache add spec .
8 silly cache add parsed spec { raw: '.',
8 silly cache add   scope: null,
8 silly cache add   name: null,
8 silly cache add   rawSpec: '.',
8 silly cache add   spec: '/Users/cyper/gitbook-plugins/gitbook-plugin-lb2br',
8 silly cache add   type: 'directory' }
9 verbose addLocalDirectory /Users/cyper/.npm/gitbook-plugin-lb2br/0.0.1/package.tgz not in flight; packing
10 verbose tar pack [ '/Users/cyper/.npm/gitbook-plugin-lb2br/0.0.1/package.tgz',
10 verbose tar pack   '/Users/cyper/gitbook-plugins/gitbook-plugin-lb2br' ]
11 verbose tarball /Users/cyper/.npm/gitbook-plugin-lb2br/0.0.1/package.tgz
12 verbose folder /Users/cyper/gitbook-plugins/gitbook-plugin-lb2br
13 info prepublish gitbook-plugin-lb2br@0.0.1
14 verbose addLocalTarball adding from inside cache /Users/cyper/.npm/gitbook-plugin-lb2br/0.0.1/package.tgz
15 silly cache afterAdd gitbook-plugin-lb2br@0.0.1
16 verbose afterAdd /Users/cyper/.npm/gitbook-plugin-lb2br/0.0.1/package/package.json not in flight; writing
17 verbose afterAdd /Users/cyper/.npm/gitbook-plugin-lb2br/0.0.1/package/package.json written
18 silly publish { name: 'gitbook-plugin-lb2br',
18 silly publish   version: '0.0.1',
18 silly publish   description: 'gitbook convert line breaks to html <br> tag',
18 silly publish   main: 'index.js',
18 silly publish   scripts: { test: 'echo "Error: no test specified" && exit 1' },
18 silly publish   engines: { gitbook: '>=3.0.0' },
18 silly publish   homepage: 'http://www.cyper.me',
18 silly publish   repository:
18 silly publish    { type: 'git',
18 silly publish      url: 'git+https://github.com/uniquejava/gitbook-plugin-lb2br.git' },
18 silly publish   author: { name: 'cyper' },
18 silly publish   license: 'ISC',
18 silly publish   readme: 'This plugin will try to convert line breaks inside your paragraph(p tag) into html <br> tags.\n',
18 silly publish   readmeFilename: 'README.md',
18 silly publish   gitHead: 'a26c2935352ee24b22ede510d7ed143e13182fff',
18 silly publish   bugs: { url: 'https://github.com/uniquejava/gitbook-plugin-lb2br/issues' },
18 silly publish   _id: 'gitbook-plugin-lb2br@0.0.1',
18 silly publish   _shasum: '41fbcfc45ece4ed4ae48c25fe98356517c54e049',
18 silly publish   _from: '.' }
19 verbose getPublishConfig undefined
20 silly mapToRegistry name gitbook-plugin-lb2br
21 silly mapToRegistry using default registry
22 silly mapToRegistry registry https://registry.npmjs.org/
23 silly mapToRegistry uri https://registry.npmjs.org/gitbook-plugin-lb2br
24 verbose publish registryBase https://registry.npmjs.org/
25 silly publish uploading /Users/cyper/.npm/gitbook-plugin-lb2br/0.0.1/package.tgz
26 verbose request uri https://registry.npmjs.org/gitbook-plugin-lb2br
27 verbose request sending authorization for write operation
28 info attempt registry request try #1 at 22:01:19
29 verbose request using bearer token for auth
30 verbose request id eb4d0318d7867158
31 http request PUT https://registry.npmjs.org/gitbook-plugin-lb2br
32 http 403 https://registry.npmjs.org/gitbook-plugin-lb2br
33 verbose headers { 'content-type': 'application/json',
33 verbose headers   'cache-control': 'max-age=300',
33 verbose headers   'content-length': '95',
33 verbose headers   'accept-ranges': 'bytes',
33 verbose headers   date: 'Sun, 26 Jun 2016 14:01:21 GMT',
33 verbose headers   via: '1.1 varnish',
33 verbose headers   connection: 'keep-alive',
33 verbose headers   'x-served-by': 'cache-fra1243-FRA',
33 verbose headers   'x-cache': 'MISS',
33 verbose headers   'x-cache-hits': '0',
33 verbose headers   'x-timer': 'S1466949680.169510,VS0,VE1018',
33 verbose headers   vary: 'Accept-Encoding' }
34 verbose request invalidating /Users/cyper/.npm/registry.npmjs.org/gitbook-plugin-lb2br on PUT
35 error publish Failed PUT 403
36 verbose stack Error: "You cannot publish over the previously published version 0.0.1." : gitbook-plugin-lb2br
36 verbose stack     at makeError (/usr/local/lib/node_modules/npm/node_modules/npm-registry-client/lib/request.js:263:12)
36 verbose stack     at CachingRegistryClient.<anonymous> (/usr/local/lib/node_modules/npm/node_modules/npm-registry-client/lib/request.js:251:14)
36 verbose stack     at Request._callback (/usr/local/lib/node_modules/npm/node_modules/npm-registry-client/lib/request.js:171:14)
36 verbose stack     at Request.self.callback (/usr/local/lib/node_modules/npm/node_modules/request/request.js:198:22)
36 verbose stack     at Request.emit (events.js:110:17)
36 verbose stack     at Request.<anonymous> (/usr/local/lib/node_modules/npm/node_modules/request/request.js:1073:14)
36 verbose stack     at Request.emit (events.js:129:20)
36 verbose stack     at IncomingMessage.<anonymous> (/usr/local/lib/node_modules/npm/node_modules/request/request.js:1019:12)
36 verbose stack     at IncomingMessage.emit (events.js:129:20)
36 verbose stack     at _stream_readable.js:908:16
37 verbose statusCode 403
38 verbose pkgid gitbook-plugin-lb2br
39 verbose cwd /Users/cyper/gitbook-plugins/gitbook-plugin-lb2br
40 error Darwin 15.5.0
41 error argv "node" "/usr/local/bin/npm" "publish"
42 error node v0.12.7
43 error npm  v2.14.4
44 error code E403
45 error "You cannot publish over the previously published version 0.0.1." : gitbook-plugin-lb2br
46 error If you need help, you may report this error at:
46 error     <https://github.com/npm/npm/issues>
47 verbose exit [ 1, true ]
